01-09 08:31 __main__     INFO     Database not found. Creating the database and instantiating all tables
01-09 08:31 __main__     INFO     Importing weather and corn yield data into the database
01-09 08:31 corteva_api.ingestion INFO     Starting weather data import
01-09 08:31 corteva_api.ingestion INFO     Weather data successfully imported
01-09 08:31 corteva_api.ingestion INFO     Total records processed: 32871
01-09 08:31 corteva_api.ingestion INFO     Starting corn yield data import
01-09 08:31 corteva_api.ingestion INFO     Yield data successfully imported
01-09 08:31 corteva_api.ingestion INFO     Total records processed: 30
01-09 08:31 corteva_api.analysis INFO     Starting weather data analysis
01-09 08:31 corteva_api.analysis INFO     Weather data analysis successful
01-09 08:31 corteva_api.analysis INFO     Total rows processed: 32871
01-09 08:31 werkzeug     INFO     [31m[1mWARNING: This is a development server. Do not use it in a production deployment. Use a production WSGI server instead.[0m
 * Running on http://127.0.0.1:5000
01-09 08:31 werkzeug     INFO     [33mPress CTRL+C to quit[0m
01-09 08:31 werkzeug     INFO      * Restarting with stat
01-09 08:32 corteva_api.analysis INFO     Starting weather data analysis
01-09 08:32 corteva_api.analysis INFO     Weather data analysis successful
01-09 08:32 corteva_api.analysis INFO     Total rows processed: 32871
01-09 08:32 werkzeug     WARNING   * Debugger is active!
01-09 08:32 werkzeug     INFO      * Debugger PIN: 539-648-471
01-09 08:33 werkzeug     INFO     127.0.0.1 - - [09/Jan/2023 08:33:43] "[33mGET /api/weathers HTTP/1.1[0m" 404 -
01-09 08:33 corteva_api.resources.weather_api INFO     Weather info returned
01-09 08:33 werkzeug     INFO     127.0.0.1 - - [09/Jan/2023 08:33:56] "GET /api/weather HTTP/1.1" 200 -
01-09 08:34 werkzeug     INFO      * Detected change in '/Users/turannaimey/Desktop/Projects/corteva/corteva_api/analysis.py', reloading
01-09 08:34 werkzeug     INFO      * Restarting with stat
